g:\_howest dae\programmingprojects\realmofthemadgodproject\pietergeers_rotmg\x64\release\pietergeers_rotmg.pch
g:\_howest dae\programmingprojects\realmofthemadgodproject\pietergeers_rotmg\x64\release\vc141.pdb
g:\_howest dae\programmingprojects\realmofthemadgodproject\pietergeers_rotmg\x64\release\stdafx.obj
g:\_howest dae\programmingprojects\realmofthemadgodproject\pietergeers_rotmg\x64\release\svgparser.obj
g:\_howest dae\programmingprojects\realmofthemadgodproject\pietergeers_rotmg\x64\release\structs.obj
g:\_howest dae\programmingprojects\realmofthemadgodproject\pietergeers_rotmg\x64\release\soundstream.obj
g:\_howest dae\programmingprojects\realmofthemadgodproject\pietergeers_rotmg\x64\release\soundeffect.obj
g:\_howest dae\programmingprojects\realmofthemadgodproject\pietergeers_rotmg\x64\release\rotmg.obj
g:\_howest dae\programmingprojects\realmofthemadgodproject\pietergeers_rotmg\x64\release\player.obj
g:\_howest dae\programmingprojects\realmofthemadgodproject\pietergeers_rotmg\x64\release\matrix2x3.obj
g:\_howest dae\programmingprojects\realmofthemadgodproject\pietergeers_rotmg\x64\release\map.obj
g:\_howest dae\programmingprojects\realmofthemadgodproject\pietergeers_rotmg\x64\release\mana.obj
g:\_howest dae\programmingprojects\realmofthemadgodproject\pietergeers_rotmg\x64\release\main.obj
g:\_howest dae\programmingprojects\realmofthemadgodproject\pietergeers_rotmg\x64\release\lootbags.obj
g:\_howest dae\programmingprojects\realmofthemadgodproject\pietergeers_rotmg\x64\release\items.obj
g:\_howest dae\programmingprojects\realmofthemadgodproject\pietergeers_rotmg\x64\release\inventory.obj
g:\_howest dae\programmingprojects\realmofthemadgodproject\pietergeers_rotmg\x64\release\health.obj
g:\_howest dae\programmingprojects\realmofthemadgodproject\pietergeers_rotmg\x64\release\game.obj
g:\_howest dae\programmingprojects\realmofthemadgodproject\pietergeers_rotmg\x64\release\enemy.obj
g:\_howest dae\programmingprojects\realmofthemadgodproject\pietergeers_rotmg\x64\release\core.obj
g:\_howest dae\programmingprojects\realmofthemadgodproject\pietergeers_rotmg\x64\release\character.obj
g:\_howest dae\programmingprojects\realmofthemadgodproject\pietergeers_rotmg\x64\release\camera.obj
g:\_howest dae\programmingprojects\realmofthemadgodproject\pietergeers_rotmg\x64\release\bullet.obj
g:\_howest dae\programmingprojects\realmofthemadgodproject\pietergeers_rotmg\x64\release\xp.obj
g:\_howest dae\programmingprojects\realmofthemadgodproject\pietergeers_rotmg\x64\release\vegetation.obj
g:\_howest dae\programmingprojects\realmofthemadgodproject\pietergeers_rotmg\x64\release\vector2f.obj
g:\_howest dae\programmingprojects\realmofthemadgodproject\pietergeers_rotmg\x64\release\utils.obj
g:\_howest dae\programmingprojects\realmofthemadgodproject\pietergeers_rotmg\x64\release\ui.obj
g:\_howest dae\programmingprojects\realmofthemadgodproject\pietergeers_rotmg\x64\release\texture.obj
g:\_howest dae\programmingprojects\realmofthemadgodproject\pietergeers_rotmg\x64\release\pietergeers_rotmg.exe
g:\_howest dae\programmingprojects\realmofthemadgodproject\pietergeers_rotmg\x64\release\pietergeers_rotmg.pdb
g:\_howest dae\programmingprojects\realmofthemadgodproject\pietergeers_rotmg\x64\release\pietergeers_rotmg.lib
g:\_howest dae\programmingprojects\realmofthemadgodproject\pietergeers_rotmg\x64\release\pietergeers_rotmg.exp
g:\_howest dae\programmingprojects\realmofthemadgodproject\pietergeers_rotmg\x64\release\pietergeers_rotmg.ipdb
g:\_howest dae\programmingprojects\realmofthemadgodproject\pietergeers_rotmg\x64\release\pietergeers_rotmg.iobj
g:\_howest dae\programmingprojects\realmofthemadgodproject\pietergeers_rotmg\x64\release\pieterge.8c8ba764.tlog\cl.command.1.tlog
g:\_howest dae\programmingprojects\realmofthemadgodproject\pietergeers_rotmg\x64\release\pieterge.8c8ba764.tlog\cl.read.1.tlog
g:\_howest dae\programmingprojects\realmofthemadgodproject\pietergeers_rotmg\x64\release\pieterge.8c8ba764.tlog\cl.write.1.tlog
g:\_howest dae\programmingprojects\realmofthemadgodproject\pietergeers_rotmg\x64\release\pieterge.8c8ba764.tlog\link.command.1.tlog
g:\_howest dae\programmingprojects\realmofthemadgodproject\pietergeers_rotmg\x64\release\pieterge.8c8ba764.tlog\link.read.1.tlog
g:\_howest dae\programmingprojects\realmofthemadgodproject\pietergeers_rotmg\x64\release\pieterge.8c8ba764.tlog\link.write.1.tlog
g:\_howest dae\programmingprojects\realmofthemadgodproject\pietergeers_rotmg\x64\release\pieterge.8c8ba764.tlog\pietergeers_rotmg.write.1u.tlog
