g:\_howest dae\programmingprojects\realmofthemadgodproject\pietergeers_rotmg\release\pietergeers_rotmg.pch
g:\_howest dae\programmingprojects\realmofthemadgodproject\pietergeers_rotmg\release\vc141.pdb
g:\_howest dae\programmingprojects\realmofthemadgodproject\pietergeers_rotmg\release\stdafx.obj
g:\_howest dae\programmingprojects\realmofthemadgodproject\pietergeers_rotmg\release\svgparser.obj
g:\_howest dae\programmingprojects\realmofthemadgodproject\pietergeers_rotmg\release\structs.obj
g:\_howest dae\programmingprojects\realmofthemadgodproject\pietergeers_rotmg\release\soundstream.obj
g:\_howest dae\programmingprojects\realmofthemadgodproject\pietergeers_rotmg\release\soundeffect.obj
g:\_howest dae\programmingprojects\realmofthemadgodproject\pietergeers_rotmg\release\player.obj
g:\_howest dae\programmingprojects\realmofthemadgodproject\pietergeers_rotmg\release\matrix2x3.obj
g:\_howest dae\programmingprojects\realmofthemadgodproject\pietergeers_rotmg\release\map.obj
g:\_howest dae\programmingprojects\realmofthemadgodproject\pietergeers_rotmg\release\mana.obj
g:\_howest dae\programmingprojects\realmofthemadgodproject\pietergeers_rotmg\release\main.obj
g:\_howest dae\programmingprojects\realmofthemadgodproject\pietergeers_rotmg\release\lootbags.obj
g:\_howest dae\programmingprojects\realmofthemadgodproject\pietergeers_rotmg\release\items.obj
g:\_howest dae\programmingprojects\realmofthemadgodproject\pietergeers_rotmg\release\inventory.obj
g:\_howest dae\programmingprojects\realmofthemadgodproject\pietergeers_rotmg\release\health.obj
g:\_howest dae\programmingprojects\realmofthemadgodproject\pietergeers_rotmg\release\game.obj
g:\_howest dae\programmingprojects\realmofthemadgodproject\pietergeers_rotmg\release\enemy.obj
g:\_howest dae\programmingprojects\realmofthemadgodproject\pietergeers_rotmg\release\core.obj
g:\_howest dae\programmingprojects\realmofthemadgodproject\pietergeers_rotmg\release\camera.obj
g:\_howest dae\programmingprojects\realmofthemadgodproject\pietergeers_rotmg\release\bullet.obj
g:\_howest dae\programmingprojects\realmofthemadgodproject\pietergeers_rotmg\release\xp.obj
g:\_howest dae\programmingprojects\realmofthemadgodproject\pietergeers_rotmg\release\vegetation.obj
g:\_howest dae\programmingprojects\realmofthemadgodproject\pietergeers_rotmg\release\vector2f.obj
g:\_howest dae\programmingprojects\realmofthemadgodproject\pietergeers_rotmg\release\utils.obj
g:\_howest dae\programmingprojects\realmofthemadgodproject\pietergeers_rotmg\release\ui.obj
g:\_howest dae\programmingprojects\realmofthemadgodproject\pietergeers_rotmg\release\texture.obj
g:\_howest dae\programmingprojects\realmofthemadgodproject\pietergeers_rotmg\release\pieterge.8c8ba764.tlog\cl.command.1.tlog
g:\_howest dae\programmingprojects\realmofthemadgodproject\pietergeers_rotmg\release\pieterge.8c8ba764.tlog\cl.read.1.tlog
g:\_howest dae\programmingprojects\realmofthemadgodproject\pietergeers_rotmg\release\pieterge.8c8ba764.tlog\cl.write.1.tlog
